Down                     Main menu                               
Enter                    Main menu                               
Down                     Main menu                               
Enter                    Main menu                               
s                        Request menu                            
Enter                    Editing request settings                
s                        Request menu                            
Esc                      Editing request settings                
Ctrl-h                   Request menu                            
Esc                      Request menu                            
Space                    Request menu                            
Ctrl-h                   Request menu                            
Esc                      Request menu                            
Down                     Request menu                            
Up                       Request menu                            
Down                     Request menu                            
Up                       Request menu                            
Down                     Request menu                            
Up                       Request menu                            
Down                     Request menu                            
Up                       Request menu                            
Down                     Request menu                            
Up                       Request menu                            
Down                     Request menu                            
Ctrl-h                   Request menu                            
Esc                      Request menu                            
s                        Request menu                            
Esc                      Editing request settings                
Right                    Request menu                            
Ctrl-h                   Request menu                            
Esc                      Request menu                            
v                        Request menu                            
v                        Request menu                            
v                        Request menu                            
v                        Request menu                            
v                        Request menu                            
v                        Request menu                            
Ctrl-h                   Request menu                            
Esc                      Request menu                            
Ctrl-a                   Request menu                            
Ctrl-a                   Request menu                            
Ctrl-a                   Request menu                            
Ctrl-a                   Request menu                            
Ctrl-a                   Request menu                            
Ctrl-a                   Request menu                            
Ctrl-h                   Request menu                            
Esc                      Request menu                            
Tab                      Request menu                            
Tab                      Request menu                            
Tab                      Request menu                            
Tab                      Request menu                            
Esc                      Request menu                            
q                        Main menu                               
